<?xml version="1.0" encoding="UTF-8"?>
<!-- Generated by org.testng.reporters.JUnitReportReporter -->
<testsuite skipped="0" hostname="DESKTOP-K6GQ11J" name="testgClasses.Demo3Te" tests="2" failures="0" timestamp="2021-04-12T10:14:27 IST" time="0.004" errors="0">
  <testcase name="testcase3" time="0.002" classname="testgClasses.Demo3Te"/>
  <testcase name="testcase2" time="0.002" classname="testgClasses.Demo3Te"/>
</testsuite> <!-- testgClasses.Demo3Te -->
